<?xml version="1.0" encoding="UTF-8"?>
<testng-results skipped="0" failed="1" total="4" passed="3">
  <reporter-output>
  </reporter-output>
  <suite name="Tests" duration-ms="74217" started-at="2015-11-10T16:00:21Z" finished-at="2015-11-10T16:01:35Z">
    <groups>
    </groups>
    <test name="Test1" duration-ms="25354" started-at="2015-11-10T16:00:21Z" finished-at="2015-11-10T16:00:46Z">
      <class name="zolota.Login">
        <test-method status="PASS" signature="init()[pri:0, instance:zolota.Login@56cbfb61]" name="init" is-config="true" duration-ms="21380" started-at="2015-11-10T18:00:21Z" finished-at="2015-11-10T18:00:42Z">
          <reporter-output>
          </reporter-output>
        </test-method> <!-- init -->
        <test-method status="PASS" signature="testUntitled()[pri:0, instance:zolota.Login@56cbfb61]" name="testUntitled" duration-ms="3951" started-at="2015-11-10T18:00:42Z" finished-at="2015-11-10T18:00:46Z">
          <reporter-output>
          </reporter-output>
        </test-method> <!-- testUntitled -->
      </class> <!-- zolota.Login -->
    </test> <!-- Test1 -->
    <test name="Test2" duration-ms="17049" started-at="2015-11-10T16:00:46Z" finished-at="2015-11-10T16:01:03Z">
      <class name="zolota.AddMovie">
        <test-method status="PASS" signature="init()[pri:0, instance:zolota.AddMovie@59a6e353]" name="init" is-config="true" duration-ms="181" started-at="2015-11-10T18:00:46Z" finished-at="2015-11-10T18:00:47Z">
          <reporter-output>
          </reporter-output>
        </test-method> <!-- init -->
        <test-method status="PASS" signature="CreateMovie()[pri:0, instance:zolota.AddMovie@59a6e353]" name="CreateMovie" duration-ms="8162" started-at="2015-11-10T18:00:47Z" finished-at="2015-11-10T18:00:55Z">
          <reporter-output>
          </reporter-output>
        </test-method> <!-- CreateMovie -->
        <test-method status="PASS" signature="CreateMovieFail()[pri:0, instance:zolota.AddMovie@59a6e353]" name="CreateMovieFail" duration-ms="8690" started-at="2015-11-10T18:00:55Z" finished-at="2015-11-10T18:01:03Z">
          <reporter-output>
          </reporter-output>
        </test-method> <!-- CreateMovieFail -->
      </class> <!-- zolota.AddMovie -->
    </test> <!-- Test2 -->
    <test name="Test3" duration-ms="31680" started-at="2015-11-10T16:01:03Z" finished-at="2015-11-10T16:01:35Z">
      <class name="zolota.Delete">
        <test-method status="PASS" signature="init()[pri:0, instance:zolota.Delete@506e6d5e]" name="init" is-config="true" duration-ms="32" started-at="2015-11-10T18:01:03Z" finished-at="2015-11-10T18:01:03Z">
          <reporter-output>
          </reporter-output>
        </test-method> <!-- init -->
        <test-method status="FAIL" signature="DeleteMovie()[pri:0, instance:zolota.Delete@506e6d5e]" name="DeleteMovie" duration-ms="31372" started-at="2015-11-10T18:01:03Z" finished-at="2015-11-10T18:01:35Z">
          <exception class="org.openqa.selenium.NoSuchElementException">
            <message>
              <![CDATA[Unable to locate element: {"method":"xpath","selector":".//*[@id='movie_12']/div[2]"}
Command duration or timeout: 30.13 seconds
For documentation on this error, please visit: http://seleniumhq.org/exceptions/no_such_element.html
Build info: version: '2.46.0', revision: '61506a4624b13675f24581e453592342b7485d71', time: '2015-06-04 10:22:50'
System info: host: 'TEST05', ip: '192.168.10.73', os.name: 'Windows 7', os.arch: 'amd64', os.version: '6.1', java.version: '1.8.0_45'
Driver info: org.openqa.selenium.firefox.FirefoxDriver
Capabilities [{applicationCacheEnabled=true, rotatable=false, handlesAlerts=true, databaseEnabled=true, version=42.0, platform=WINDOWS, nativeEvents=false, acceptSslCerts=true, webStorageEnabled=true, locationContextEnabled=true, browserName=firefox, takesScreenshot=true, javascriptEnabled=true, cssSelectorsEnabled=true}]
Session ID: 2026f9df-88ca-4df8-a2d2-20188da10193
*** Element info: {Using=xpath, value=.//*[@id='movie_12']/div[2]}]]>
            </message>
            <full-stacktrace>
              <![CDATA[org.openqa.selenium.NoSuchElementException: Unable to locate element: {"method":"xpath","selector":".//*[@id='movie_12']/div[2]"}
Command duration or timeout: 30.13 seconds
For documentation on this error, please visit: http://seleniumhq.org/exceptions/no_such_element.html
Build info: version: '2.46.0', revision: '61506a4624b13675f24581e453592342b7485d71', time: '2015-06-04 10:22:50'
System info: host: 'TEST05', ip: '192.168.10.73', os.name: 'Windows 7', os.arch: 'amd64', os.version: '6.1', java.version: '1.8.0_45'
Driver info: org.openqa.selenium.firefox.FirefoxDriver
Capabilities [{applicationCacheEnabled=true, rotatable=false, handlesAlerts=true, databaseEnabled=true, version=42.0, platform=WINDOWS, nativeEvents=false, acceptSslCerts=true, webStorageEnabled=true, locationContextEnabled=true, browserName=firefox, takesScreenshot=true, javascriptEnabled=true, cssSelectorsEnabled=true}]
Session ID: 2026f9df-88ca-4df8-a2d2-20188da10193
*** Element info: {Using=xpath, value=.//*[@id='movie_12']/div[2]}
	at sun.reflect.NativeConstructorAccessorImpl.newInstance0(Native Method)
	at sun.reflect.NativeConstructorAccessorImpl.newInstance(Unknown Source)
	at sun.reflect.DelegatingConstructorAccessorImpl.newInstance(Unknown Source)
	at java.lang.reflect.Constructor.newInstance(Unknown Source)
	at org.openqa.selenium.remote.ErrorHandler.createThrowable(ErrorHandler.java:204)
	at org.openqa.selenium.remote.ErrorHandler.throwIfResponseFailed(ErrorHandler.java:156)
	at org.openqa.selenium.remote.RemoteWebDriver.execute(RemoteWebDriver.java:605)
	at org.openqa.selenium.remote.RemoteWebDriver.findElement(RemoteWebDriver.java:358)
	at org.openqa.selenium.remote.RemoteWebDriver.findElementByXPath(RemoteWebDriver.java:455)
	at org.openqa.selenium.By$ByXPath.findElement(By.java:358)
	at org.openqa.selenium.remote.RemoteWebDriver.findElement(RemoteWebDriver.java:350)
	at zolota.Delete.DeleteMovie(Delete.java:16)
	at sun.reflect.NativeMethodAccessorImpl.invoke0(Native Method)
	at sun.reflect.NativeMethodAccessorImpl.invoke(Unknown Source)
	at sun.reflect.DelegatingMethodAccessorImpl.invoke(Unknown Source)
	at java.lang.reflect.Method.invoke(Unknown Source)
	at org.testng.internal.MethodInvocationHelper.invokeMethod(MethodInvocationHelper.java:85)
	at org.testng.internal.Invoker.invokeMethod(Invoker.java:659)
	at org.testng.internal.Invoker.invokeTestMethod(Invoker.java:845)
	at org.testng.internal.Invoker.invokeTestMethods(Invoker.java:1153)
	at org.testng.internal.TestMethodWorker.invokeTestMethods(TestMethodWorker.java:125)
	at org.testng.internal.TestMethodWorker.run(TestMethodWorker.java:108)
	at org.testng.TestRunner.privateRun(TestRunner.java:771)
	at org.testng.TestRunner.run(TestRunner.java:621)
	at org.testng.SuiteRunner.runTest(SuiteRunner.java:357)
	at org.testng.SuiteRunner.runSequentially(SuiteRunner.java:352)
	at org.testng.SuiteRunner.privateRun(SuiteRunner.java:310)
	at org.testng.SuiteRunner.run(SuiteRunner.java:259)
	at org.testng.SuiteRunnerWorker.runSuite(SuiteRunnerWorker.java:52)
	at org.testng.SuiteRunnerWorker.run(SuiteRunnerWorker.java:86)
	at org.testng.TestNG.runSuitesSequentially(TestNG.java:1199)
	at org.testng.TestNG.runSuitesLocally(TestNG.java:1124)
	at org.testng.TestNG.run(TestNG.java:1032)
	at org.testng.remote.RemoteTestNG.run(RemoteTestNG.java:111)
	at org.testng.remote.RemoteTestNG.initAndRun(RemoteTestNG.java:204)
	at org.testng.remote.RemoteTestNG.main(RemoteTestNG.java:175)
Caused by: org.openqa.selenium.NoSuchElementException: Unable to locate element: {"method":"xpath","selector":".//*[@id='movie_12']/div[2]"}
For documentation on this error, please visit: http://seleniumhq.org/exceptions/no_such_element.html
Build info: version: '2.46.0', revision: '61506a4624b13675f24581e453592342b7485d71', time: '2015-06-04 10:22:50'
System info: host: 'TEST05', ip: '192.168.10.73', os.name: 'Windows 7', os.arch: 'amd64', os.version: '6.1', java.version: '1.8.0_45'
Driver info: driver.version: unknown
	at <anonymous class>.FirefoxDriver.prototype.findElementInternal_(file:///C:/Users/ZOLOTA~1.I/AppData/Local/Temp/anonymous7430116213067377450webdriver-profile/extensions/fxdriver@googlecode.com/components/driver-component.js:10299)
	at <anonymous class>.fxdriver.Timer.prototype.setTimeout/<.notify(file:///C:/Users/ZOLOTA~1.I/AppData/Local/Temp/anonymous7430116213067377450webdriver-profile/extensions/fxdriver@googlecode.com/components/driver-component.js:603)
]]>
            </full-stacktrace>
          </exception> <!-- org.openqa.selenium.NoSuchElementException -->
          <reporter-output>
          </reporter-output>
        </test-method> <!-- DeleteMovie -->
        <test-method status="PASS" signature="tearDown()[pri:0, instance:zolota.Delete@506e6d5e]" name="tearDown" is-config="true" duration-ms="8041" started-at="2015-11-10T18:01:35Z" finished-at="2015-11-10T18:01:43Z">
          <reporter-output>
          </reporter-output>
        </test-method> <!-- tearDown -->
      </class> <!-- zolota.Delete -->
    </test> <!-- Test3 -->
  </suite> <!-- Tests -->
</testng-results>
